CRITICAL - 2024-01-29 00:45:17 --> Invalid argument supplied for foreach()
#0 C:\xampp\htdocs\perpustakaan-digital\app\Views\hopeui\laporan_peminjaman\print_windows_view.php(48): CodeIgniter\Debug\Exceptions->errorHandler(2, 'Invalid argumen...', 'C:\\xampp\\htdocs...', 48, Array)
#1 C:\xampp\htdocs\perpustakaan-digital\system\View\View.php(210): include('C:\\xampp\\htdocs...')
#2 C:\xampp\htdocs\perpustakaan-digital\system\View\View.php(213): CodeIgniter\View\View->CodeIgniter\View\{closure}()
#3 C:\xampp\htdocs\perpustakaan-digital\system\Common.php(1089): CodeIgniter\View\View->render('hopeui/laporan_...', Array, true)
#4 C:\xampp\htdocs\perpustakaan-digital\app\Controllers\Peminjaman.php(174): view('hopeui/laporan_...', Array)
#5 C:\xampp\htdocs\perpustakaan-digital\system\CodeIgniter.php(832): App\Controllers\Peminjaman->export_windows()
#6 C:\xampp\htdocs\perpustakaan-digital\system\CodeIgniter.php(419): CodeIgniter\CodeIgniter->runController(Object(App\Controllers\Peminjaman))
#7 C:\xampp\htdocs\perpustakaan-digital\system\CodeIgniter.php(326): CodeIgniter\CodeIgniter->handleRequest(NULL, Object(Config\Cache), false)
#8 C:\xampp\htdocs\perpustakaan-digital\public\index.php(37): CodeIgniter\CodeIgniter->run()
#9 C:\xampp\htdocs\perpustakaan-digital\system\Commands\Server\rewrite.php(43): require_once('C:\\xampp\\htdocs...')
#10 {main}
CRITICAL - 2024-01-29 01:04:18 --> syntax error, unexpected end of file
#0 C:\xampp\htdocs\perpustakaan-digital\system\View\View.php(213): CodeIgniter\View\View->CodeIgniter\View\{closure}()
#1 C:\xampp\htdocs\perpustakaan-digital\system\Common.php(1089): CodeIgniter\View\View->render('hopeui/laporan_...', Array, true)
#2 C:\xampp\htdocs\perpustakaan-digital\app\Controllers\Peminjaman.php(174): view('hopeui/laporan_...', Array)
#3 C:\xampp\htdocs\perpustakaan-digital\system\CodeIgniter.php(832): App\Controllers\Peminjaman->export_windows()
#4 C:\xampp\htdocs\perpustakaan-digital\system\CodeIgniter.php(419): CodeIgniter\CodeIgniter->runController(Object(App\Controllers\Peminjaman))
#5 C:\xampp\htdocs\perpustakaan-digital\system\CodeIgniter.php(326): CodeIgniter\CodeIgniter->handleRequest(NULL, Object(Config\Cache), false)
#6 C:\xampp\htdocs\perpustakaan-digital\public\index.php(37): CodeIgniter\CodeIgniter->run()
#7 C:\xampp\htdocs\perpustakaan-digital\system\Commands\Server\rewrite.php(43): require_once('C:\\xampp\\htdocs...')
#8 {main}
CRITICAL - 2024-01-29 01:27:16 --> Class 'App\Controllers\M_absensi_sekolah' not found
#0 C:\xampp\htdocs\perpustakaan-digital\system\CodeIgniter.php(832): App\Controllers\Peminjaman->export_pdf()
#1 C:\xampp\htdocs\perpustakaan-digital\system\CodeIgniter.php(419): CodeIgniter\CodeIgniter->runController(Object(App\Controllers\Peminjaman))
#2 C:\xampp\htdocs\perpustakaan-digital\system\CodeIgniter.php(326): CodeIgniter\CodeIgniter->handleRequest(NULL, Object(Config\Cache), false)
#3 C:\xampp\htdocs\perpustakaan-digital\public\index.php(37): CodeIgniter\CodeIgniter->run()
#4 C:\xampp\htdocs\perpustakaan-digital\system\Commands\Server\rewrite.php(43): require_once('C:\\xampp\\htdocs...')
#5 {main}
CRITICAL - 2024-01-29 01:47:03 --> Invalid argument supplied for foreach()
#0 C:\xampp\htdocs\perpustakaan-digital\app\Controllers\Peminjaman.php(249): CodeIgniter\Debug\Exceptions->errorHandler(2, 'Invalid argumen...', 'C:\\xampp\\htdocs...', 249, Array)
#1 C:\xampp\htdocs\perpustakaan-digital\system\CodeIgniter.php(832): App\Controllers\Peminjaman->export_excel()
#2 C:\xampp\htdocs\perpustakaan-digital\system\CodeIgniter.php(419): CodeIgniter\CodeIgniter->runController(Object(App\Controllers\Peminjaman))
#3 C:\xampp\htdocs\perpustakaan-digital\system\CodeIgniter.php(326): CodeIgniter\CodeIgniter->handleRequest(NULL, Object(Config\Cache), false)
#4 C:\xampp\htdocs\perpustakaan-digital\public\index.php(37): CodeIgniter\CodeIgniter->run()
#5 C:\xampp\htdocs\perpustakaan-digital\system\Commands\Server\rewrite.php(43): require_once('C:\\xampp\\htdocs...')
#6 {main}
CRITICAL - 2024-01-29 01:47:19 --> Cannot use object of type stdClass as array
#0 C:\xampp\htdocs\perpustakaan-digital\system\CodeIgniter.php(832): App\Controllers\Peminjaman->export_excel()
#1 C:\xampp\htdocs\perpustakaan-digital\system\CodeIgniter.php(419): CodeIgniter\CodeIgniter->runController(Object(App\Controllers\Peminjaman))
#2 C:\xampp\htdocs\perpustakaan-digital\system\CodeIgniter.php(326): CodeIgniter\CodeIgniter->handleRequest(NULL, Object(Config\Cache), false)
#3 C:\xampp\htdocs\perpustakaan-digital\public\index.php(37): CodeIgniter\CodeIgniter->run()
#4 C:\xampp\htdocs\perpustakaan-digital\system\Commands\Server\rewrite.php(43): require_once('C:\\xampp\\htdocs...')
#5 {main}
CRITICAL - 2024-01-29 01:47:50 --> count(): Parameter must be an array or an object that implements Countable
#0 [internal function]: CodeIgniter\Debug\Exceptions->errorHandler(2, 'count(): Parame...', 'C:\\xampp\\htdocs...', 286, Array)
#1 C:\xampp\htdocs\perpustakaan-digital\app\Controllers\Peminjaman.php(286): count(NULL)
#2 C:\xampp\htdocs\perpustakaan-digital\system\CodeIgniter.php(832): App\Controllers\Peminjaman->export_excel()
#3 C:\xampp\htdocs\perpustakaan-digital\system\CodeIgniter.php(419): CodeIgniter\CodeIgniter->runController(Object(App\Controllers\Peminjaman))
#4 C:\xampp\htdocs\perpustakaan-digital\system\CodeIgniter.php(326): CodeIgniter\CodeIgniter->handleRequest(NULL, Object(Config\Cache), false)
#5 C:\xampp\htdocs\perpustakaan-digital\public\index.php(37): CodeIgniter\CodeIgniter->run()
#6 C:\xampp\htdocs\perpustakaan-digital\system\Commands\Server\rewrite.php(43): require_once('C:\\xampp\\htdocs...')
#7 {main}
CRITICAL - 2024-01-29 10:32:31 --> Too few arguments to function App\Controllers\User::create(), 0 passed in C:\xampp\htdocs\perpustakaan-digital\system\CodeIgniter.php on line 832 and exactly 1 expected
#0 C:\xampp\htdocs\perpustakaan-digital\system\CodeIgniter.php(832): App\Controllers\User->create()
#1 C:\xampp\htdocs\perpustakaan-digital\system\CodeIgniter.php(419): CodeIgniter\CodeIgniter->runController(Object(App\Controllers\User))
#2 C:\xampp\htdocs\perpustakaan-digital\system\CodeIgniter.php(326): CodeIgniter\CodeIgniter->handleRequest(NULL, Object(Config\Cache), false)
#3 C:\xampp\htdocs\perpustakaan-digital\public\index.php(37): CodeIgniter\CodeIgniter->run()
#4 C:\xampp\htdocs\perpustakaan-digital\system\Commands\Server\rewrite.php(43): require_once('C:\\xampp\\htdocs...')
#5 {main}
CRITICAL - 2024-01-29 10:38:17 --> Class 'App\Controllers\M_peminjaman' not found
#0 C:\xampp\htdocs\perpustakaan-digital\system\CodeIgniter.php(832): App\Controllers\User->create()
#1 C:\xampp\htdocs\perpustakaan-digital\system\CodeIgniter.php(419): CodeIgniter\CodeIgniter->runController(Object(App\Controllers\User))
#2 C:\xampp\htdocs\perpustakaan-digital\system\CodeIgniter.php(326): CodeIgniter\CodeIgniter->handleRequest(NULL, Object(Config\Cache), false)
#3 C:\xampp\htdocs\perpustakaan-digital\public\index.php(37): CodeIgniter\CodeIgniter->run()
#4 C:\xampp\htdocs\perpustakaan-digital\system\Commands\Server\rewrite.php(43): require_once('C:\\xampp\\htdocs...')
#5 {main}
CRITICAL - 2024-01-29 11:08:53 --> Call to a member function isValid() on null
#0 C:\xampp\htdocs\perpustakaan-digital\system\CodeIgniter.php(832): App\Controllers\User->aksi_create()
#1 C:\xampp\htdocs\perpustakaan-digital\system\CodeIgniter.php(419): CodeIgniter\CodeIgniter->runController(Object(App\Controllers\User))
#2 C:\xampp\htdocs\perpustakaan-digital\system\CodeIgniter.php(326): CodeIgniter\CodeIgniter->handleRequest(NULL, Object(Config\Cache), false)
#3 C:\xampp\htdocs\perpustakaan-digital\public\index.php(37): CodeIgniter\CodeIgniter->run()
#4 C:\xampp\htdocs\perpustakaan-digital\system\Commands\Server\rewrite.php(43): require_once('C:\\xampp\\htdocs...')
#5 {main}
CRITICAL - 2024-01-29 11:09:26 --> Call to a member function isValid() on null
#0 C:\xampp\htdocs\perpustakaan-digital\system\CodeIgniter.php(832): App\Controllers\User->aksi_create()
#1 C:\xampp\htdocs\perpustakaan-digital\system\CodeIgniter.php(419): CodeIgniter\CodeIgniter->runController(Object(App\Controllers\User))
#2 C:\xampp\htdocs\perpustakaan-digital\system\CodeIgniter.php(326): CodeIgniter\CodeIgniter->handleRequest(NULL, Object(Config\Cache), false)
#3 C:\xampp\htdocs\perpustakaan-digital\public\index.php(37): CodeIgniter\CodeIgniter->run()
#4 C:\xampp\htdocs\perpustakaan-digital\system\Commands\Server\rewrite.php(43): require_once('C:\\xampp\\htdocs...')
#5 {main}
CRITICAL - 2024-01-29 11:09:49 --> Call to undefined method App\Models\M_user::simpan
#0 C:\xampp\htdocs\perpustakaan-digital\app\Controllers\User.php(79): CodeIgniter\Model->__call('simpan', Array)
#1 C:\xampp\htdocs\perpustakaan-digital\system\CodeIgniter.php(832): App\Controllers\User->aksi_create()
#2 C:\xampp\htdocs\perpustakaan-digital\system\CodeIgniter.php(419): CodeIgniter\CodeIgniter->runController(Object(App\Controllers\User))
#3 C:\xampp\htdocs\perpustakaan-digital\system\CodeIgniter.php(326): CodeIgniter\CodeIgniter->handleRequest(NULL, Object(Config\Cache), false)
#4 C:\xampp\htdocs\perpustakaan-digital\public\index.php(37): CodeIgniter\CodeIgniter->run()
#5 C:\xampp\htdocs\perpustakaan-digital\system\Commands\Server\rewrite.php(43): require_once('C:\\xampp\\htdocs...')
#6 {main}
CRITICAL - 2024-01-29 11:10:16 --> Cannot redeclare App\Models\M_user::qedit()
#0 [internal function]: CodeIgniter\Debug\Exceptions->shutdownHandler()
#1 {main}
CRITICAL - 2024-01-29 11:10:18 --> Cannot redeclare App\Models\M_user::qedit()
#0 [internal function]: CodeIgniter\Debug\Exceptions->shutdownHandler()
#1 {main}
CRITICAL - 2024-01-29 11:10:18 --> Cannot redeclare App\Models\M_user::qedit()
#0 [internal function]: CodeIgniter\Debug\Exceptions->shutdownHandler()
#1 {main}
CRITICAL - 2024-01-29 11:10:19 --> Cannot redeclare App\Models\M_user::qedit()
#0 [internal function]: CodeIgniter\Debug\Exceptions->shutdownHandler()
#1 {main}
CRITICAL - 2024-01-29 11:10:19 --> Cannot redeclare App\Models\M_user::qedit()
#0 [internal function]: CodeIgniter\Debug\Exceptions->shutdownHandler()
#1 {main}
CRITICAL - 2024-01-29 11:10:19 --> Cannot redeclare App\Models\M_user::qedit()
#0 [internal function]: CodeIgniter\Debug\Exceptions->shutdownHandler()
#1 {main}
CRITICAL - 2024-01-29 11:10:19 --> Cannot redeclare App\Models\M_user::qedit()
#0 [internal function]: CodeIgniter\Debug\Exceptions->shutdownHandler()
#1 {main}
CRITICAL - 2024-01-29 11:10:19 --> Cannot redeclare App\Models\M_user::qedit()
#0 [internal function]: CodeIgniter\Debug\Exceptions->shutdownHandler()
#1 {main}
CRITICAL - 2024-01-29 11:10:20 --> Cannot redeclare App\Models\M_user::qedit()
#0 [internal function]: CodeIgniter\Debug\Exceptions->shutdownHandler()
#1 {main}
CRITICAL - 2024-01-29 11:10:20 --> Cannot redeclare App\Models\M_user::qedit()
#0 [internal function]: CodeIgniter\Debug\Exceptions->shutdownHandler()
#1 {main}
CRITICAL - 2024-01-29 11:27:39 --> Too few arguments to function App\Controllers\User::edit(), 0 passed in C:\xampp\htdocs\perpustakaan-digital\system\CodeIgniter.php on line 832 and exactly 1 expected
#0 C:\xampp\htdocs\perpustakaan-digital\system\CodeIgniter.php(832): App\Controllers\User->edit()
#1 C:\xampp\htdocs\perpustakaan-digital\system\CodeIgniter.php(419): CodeIgniter\CodeIgniter->runController(Object(App\Controllers\User))
#2 C:\xampp\htdocs\perpustakaan-digital\system\CodeIgniter.php(326): CodeIgniter\CodeIgniter->handleRequest(NULL, Object(Config\Cache), false)
#3 C:\xampp\htdocs\perpustakaan-digital\public\index.php(37): CodeIgniter\CodeIgniter->run()
#4 C:\xampp\htdocs\perpustakaan-digital\system\Commands\Server\rewrite.php(43): require_once('C:\\xampp\\htdocs...')
#5 {main}
CRITICAL - 2024-01-29 11:27:57 --> Class 'App\Controllers\M_buku' not found
#0 C:\xampp\htdocs\perpustakaan-digital\system\CodeIgniter.php(832): App\Controllers\User->edit('4')
#1 C:\xampp\htdocs\perpustakaan-digital\system\CodeIgniter.php(419): CodeIgniter\CodeIgniter->runController(Object(App\Controllers\User))
#2 C:\xampp\htdocs\perpustakaan-digital\system\CodeIgniter.php(326): CodeIgniter\CodeIgniter->handleRequest(NULL, Object(Config\Cache), false)
#3 C:\xampp\htdocs\perpustakaan-digital\public\index.php(37): CodeIgniter\CodeIgniter->run()
#4 C:\xampp\htdocs\perpustakaan-digital\system\Commands\Server\rewrite.php(43): require_once('C:\\xampp\\htdocs...')
#5 {main}
CRITICAL - 2024-01-29 11:49:27 --> Too few arguments to function App\Models\M_user::qedit(), 2 passed in C:\xampp\htdocs\perpustakaan-digital\app\Controllers\User.php on line 144 and exactly 3 expected
#0 C:\xampp\htdocs\perpustakaan-digital\app\Controllers\User.php(144): App\Models\M_user->qedit('user', Array)
#1 C:\xampp\htdocs\perpustakaan-digital\system\CodeIgniter.php(832): App\Controllers\User->aksi_edit()
#2 C:\xampp\htdocs\perpustakaan-digital\system\CodeIgniter.php(419): CodeIgniter\CodeIgniter->runController(Object(App\Controllers\User))
#3 C:\xampp\htdocs\perpustakaan-digital\system\CodeIgniter.php(326): CodeIgniter\CodeIgniter->handleRequest(NULL, Object(Config\Cache), false)
#4 C:\xampp\htdocs\perpustakaan-digital\public\index.php(37): CodeIgniter\CodeIgniter->run()
#5 C:\xampp\htdocs\perpustakaan-digital\system\Commands\Server\rewrite.php(43): require_once('C:\\xampp\\htdocs...')
#6 {main}
CRITICAL - 2024-01-29 11:58:15 --> syntax error, unexpected 'else' (T_ELSE), expecting function (T_FUNCTION) or const (T_CONST)
#0 C:\xampp\htdocs\perpustakaan-digital\system\Router\Router.php(175): CodeIgniter\Router\Router->autoRoute('user')
#1 C:\xampp\htdocs\perpustakaan-digital\system\CodeIgniter.php(726): CodeIgniter\Router\Router->handle('user')
#2 C:\xampp\htdocs\perpustakaan-digital\system\CodeIgniter.php(368): CodeIgniter\CodeIgniter->tryToRouteIt(Object(CodeIgniter\Router\RouteCollection))
#3 C:\xampp\htdocs\perpustakaan-digital\system\CodeIgniter.php(326): CodeIgniter\CodeIgniter->handleRequest(NULL, Object(Config\Cache), false)
#4 C:\xampp\htdocs\perpustakaan-digital\public\index.php(37): CodeIgniter\CodeIgniter->run()
#5 C:\xampp\htdocs\perpustakaan-digital\system\Commands\Server\rewrite.php(43): require_once('C:\\xampp\\htdocs...')
#6 {main}
CRITICAL - 2024-01-29 11:58:25 --> syntax error, unexpected '$data1' (T_VARIABLE), expecting function (T_FUNCTION) or const (T_CONST)
#0 C:\xampp\htdocs\perpustakaan-digital\system\Router\Router.php(175): CodeIgniter\Router\Router->autoRoute('user')
#1 C:\xampp\htdocs\perpustakaan-digital\system\CodeIgniter.php(726): CodeIgniter\Router\Router->handle('user')
#2 C:\xampp\htdocs\perpustakaan-digital\system\CodeIgniter.php(368): CodeIgniter\CodeIgniter->tryToRouteIt(Object(CodeIgniter\Router\RouteCollection))
#3 C:\xampp\htdocs\perpustakaan-digital\system\CodeIgniter.php(326): CodeIgniter\CodeIgniter->handleRequest(NULL, Object(Config\Cache), false)
#4 C:\xampp\htdocs\perpustakaan-digital\public\index.php(37): CodeIgniter\CodeIgniter->run()
#5 C:\xampp\htdocs\perpustakaan-digital\system\Commands\Server\rewrite.php(43): require_once('C:\\xampp\\htdocs...')
#6 {main}
CRITICAL - 2024-01-29 12:14:43 --> Argument 2 passed to view() must be of the type array, null given, called in C:\xampp\htdocs\perpustakaan-digital\app\Controllers\Register.php on line 12
#0 C:\xampp\htdocs\perpustakaan-digital\app\Controllers\Register.php(12): view('hopeui/partial_...', NULL)
#1 C:\xampp\htdocs\perpustakaan-digital\system\CodeIgniter.php(832): App\Controllers\Register->index()
#2 C:\xampp\htdocs\perpustakaan-digital\system\CodeIgniter.php(419): CodeIgniter\CodeIgniter->runController(Object(App\Controllers\Register))
#3 C:\xampp\htdocs\perpustakaan-digital\system\CodeIgniter.php(326): CodeIgniter\CodeIgniter->handleRequest(NULL, Object(Config\Cache), false)
#4 C:\xampp\htdocs\perpustakaan-digital\public\index.php(37): CodeIgniter\CodeIgniter->run()
#5 C:\xampp\htdocs\perpustakaan-digital\system\Commands\Server\rewrite.php(43): require_once('C:\\xampp\\htdocs...')
#6 {main}
CRITICAL - 2024-01-29 12:15:23 --> Argument 2 passed to view() must be of the type array, null given, called in C:\xampp\htdocs\perpustakaan-digital\app\Controllers\Register.php on line 12
#0 C:\xampp\htdocs\perpustakaan-digital\app\Controllers\Register.php(12): view('hopeui/partial_...', NULL)
#1 C:\xampp\htdocs\perpustakaan-digital\system\CodeIgniter.php(832): App\Controllers\Register->index()
#2 C:\xampp\htdocs\perpustakaan-digital\system\CodeIgniter.php(419): CodeIgniter\CodeIgniter->runController(Object(App\Controllers\Register))
#3 C:\xampp\htdocs\perpustakaan-digital\system\CodeIgniter.php(326): CodeIgniter\CodeIgniter->handleRequest(NULL, Object(Config\Cache), false)
#4 C:\xampp\htdocs\perpustakaan-digital\public\index.php(37): CodeIgniter\CodeIgniter->run()
#5 C:\xampp\htdocs\perpustakaan-digital\system\Commands\Server\rewrite.php(43): require_once('C:\\xampp\\htdocs...')
#6 {main}
CRITICAL - 2024-01-29 12:16:55 --> syntax error, unexpected 'else' (T_ELSE), expecting function (T_FUNCTION) or const (T_CONST)
#0 C:\xampp\htdocs\perpustakaan-digital\system\Router\Router.php(175): CodeIgniter\Router\Router->autoRoute('Register')
#1 C:\xampp\htdocs\perpustakaan-digital\system\CodeIgniter.php(726): CodeIgniter\Router\Router->handle('Register')
#2 C:\xampp\htdocs\perpustakaan-digital\system\CodeIgniter.php(368): CodeIgniter\CodeIgniter->tryToRouteIt(Object(CodeIgniter\Router\RouteCollection))
#3 C:\xampp\htdocs\perpustakaan-digital\system\CodeIgniter.php(326): CodeIgniter\CodeIgniter->handleRequest(NULL, Object(Config\Cache), false)
#4 C:\xampp\htdocs\perpustakaan-digital\public\index.php(37): CodeIgniter\CodeIgniter->run()
#5 C:\xampp\htdocs\perpustakaan-digital\system\Commands\Server\rewrite.php(43): require_once('C:\\xampp\\htdocs...')
#6 {main}
CRITICAL - 2024-01-29 12:25:51 --> Call to a member function isValid() on null
#0 C:\xampp\htdocs\perpustakaan-digital\system\CodeIgniter.php(832): App\Controllers\Register->aksi_register()
#1 C:\xampp\htdocs\perpustakaan-digital\system\CodeIgniter.php(419): CodeIgniter\CodeIgniter->runController(Object(App\Controllers\Register))
#2 C:\xampp\htdocs\perpustakaan-digital\system\CodeIgniter.php(326): CodeIgniter\CodeIgniter->handleRequest(NULL, Object(Config\Cache), false)
#3 C:\xampp\htdocs\perpustakaan-digital\public\index.php(37): CodeIgniter\CodeIgniter->run()
#4 C:\xampp\htdocs\perpustakaan-digital\system\Commands\Server\rewrite.php(43): require_once('C:\\xampp\\htdocs...')
#5 {main}
ERROR - 2024-01-29 12:37:09 --> Column 'username' cannot be null
ERROR - 2024-01-29 13:09:42 --> Column 'username' cannot be null
CRITICAL - 2024-01-29 14:03:11 --> Class 'App\Models\M_koleksi_buku' not found
#0 /Applications/XAMPP/xamppfiles/htdocs/perpustakaan-digital/system/CodeIgniter.php(832): App\Controllers\Koleksi_buku->index()
#1 /Applications/XAMPP/xamppfiles/htdocs/perpustakaan-digital/system/CodeIgniter.php(419): CodeIgniter\CodeIgniter->runController(Object(App\Controllers\Koleksi_buku))
#2 /Applications/XAMPP/xamppfiles/htdocs/perpustakaan-digital/system/CodeIgniter.php(326): CodeIgniter\CodeIgniter->handleRequest(NULL, Object(Config\Cache), false)
#3 /Applications/XAMPP/xamppfiles/htdocs/perpustakaan-digital/public/index.php(37): CodeIgniter\CodeIgniter->run()
#4 /Applications/XAMPP/xamppfiles/htdocs/perpustakaan-digital/system/Commands/Server/rewrite.php(43): require_once('/Applications/X...')
#5 {main}
CRITICAL - 2024-01-29 14:12:17 --> Invalid argument supplied for foreach()
#0 /Applications/XAMPP/xamppfiles/htdocs/perpustakaan-digital/app/Views/hopeui/buku/view_peminjam.php(29): CodeIgniter\Debug\Exceptions->errorHandler(2, 'Invalid argumen...', '/Applications/X...', 29, Array)
#1 /Applications/XAMPP/xamppfiles/htdocs/perpustakaan-digital/system/View/View.php(210): include('/Applications/X...')
#2 /Applications/XAMPP/xamppfiles/htdocs/perpustakaan-digital/system/View/View.php(213): CodeIgniter\View\View->CodeIgniter\View\{closure}()
#3 /Applications/XAMPP/xamppfiles/htdocs/perpustakaan-digital/system/Common.php(1089): CodeIgniter\View\View->render('hopeui/buku/vie...', Array, true)
#4 /Applications/XAMPP/xamppfiles/htdocs/perpustakaan-digital/app/Controllers/Koleksi_buku.php(27): view('hopeui/buku/vie...', Array)
#5 /Applications/XAMPP/xamppfiles/htdocs/perpustakaan-digital/system/CodeIgniter.php(832): App\Controllers\Koleksi_buku->index()
#6 /Applications/XAMPP/xamppfiles/htdocs/perpustakaan-digital/system/CodeIgniter.php(419): CodeIgniter\CodeIgniter->runController(Object(App\Controllers\Koleksi_buku))
#7 /Applications/XAMPP/xamppfiles/htdocs/perpustakaan-digital/system/CodeIgniter.php(326): CodeIgniter\CodeIgniter->handleRequest(NULL, Object(Config\Cache), false)
#8 /Applications/XAMPP/xamppfiles/htdocs/perpustakaan-digital/public/index.php(37): CodeIgniter\CodeIgniter->run()
#9 /Applications/XAMPP/xamppfiles/htdocs/perpustakaan-digital/system/Commands/Server/rewrite.php(43): require_once('/Applications/X...')
#10 {main}
CRITICAL - 2024-01-29 14:13:20 --> Invalid file: hopeui/koleksi/view.php
#0 /Applications/XAMPP/xamppfiles/htdocs/perpustakaan-digital/system/View/View.php(198): CodeIgniter\Exceptions\FrameworkException::forInvalidFile('hopeui/koleksi/...')
#1 /Applications/XAMPP/xamppfiles/htdocs/perpustakaan-digital/system/Common.php(1089): CodeIgniter\View\View->render('hopeui/koleksi/...', Array, true)
#2 /Applications/XAMPP/xamppfiles/htdocs/perpustakaan-digital/app/Controllers/Koleksi_buku.php(27): view('hopeui/koleksi/...', Array)
#3 /Applications/XAMPP/xamppfiles/htdocs/perpustakaan-digital/system/CodeIgniter.php(832): App\Controllers\Koleksi_buku->index()
#4 /Applications/XAMPP/xamppfiles/htdocs/perpustakaan-digital/system/CodeIgniter.php(419): CodeIgniter\CodeIgniter->runController(Object(App\Controllers\Koleksi_buku))
#5 /Applications/XAMPP/xamppfiles/htdocs/perpustakaan-digital/system/CodeIgniter.php(326): CodeIgniter\CodeIgniter->handleRequest(NULL, Object(Config\Cache), false)
#6 /Applications/XAMPP/xamppfiles/htdocs/perpustakaan-digital/public/index.php(37): CodeIgniter\CodeIgniter->run()
#7 /Applications/XAMPP/xamppfiles/htdocs/perpustakaan-digital/system/Commands/Server/rewrite.php(43): require_once('/Applications/X...')
#8 {main}
CRITICAL - 2024-01-29 14:13:28 --> Invalid argument supplied for foreach()
#0 /Applications/XAMPP/xamppfiles/htdocs/perpustakaan-digital/app/Views/hopeui/koleksi_buku/view.php(29): CodeIgniter\Debug\Exceptions->errorHandler(2, 'Invalid argumen...', '/Applications/X...', 29, Array)
#1 /Applications/XAMPP/xamppfiles/htdocs/perpustakaan-digital/system/View/View.php(210): include('/Applications/X...')
#2 /Applications/XAMPP/xamppfiles/htdocs/perpustakaan-digital/system/View/View.php(213): CodeIgniter\View\View->CodeIgniter\View\{closure}()
#3 /Applications/XAMPP/xamppfiles/htdocs/perpustakaan-digital/system/Common.php(1089): CodeIgniter\View\View->render('hopeui/koleksi_...', Array, true)
#4 /Applications/XAMPP/xamppfiles/htdocs/perpustakaan-digital/app/Controllers/Koleksi_buku.php(27): view('hopeui/koleksi_...', Array)
#5 /Applications/XAMPP/xamppfiles/htdocs/perpustakaan-digital/system/CodeIgniter.php(832): App\Controllers\Koleksi_buku->index()
#6 /Applications/XAMPP/xamppfiles/htdocs/perpustakaan-digital/system/CodeIgniter.php(419): CodeIgniter\CodeIgniter->runController(Object(App\Controllers\Koleksi_buku))
#7 /Applications/XAMPP/xamppfiles/htdocs/perpustakaan-digital/system/CodeIgniter.php(326): CodeIgniter\CodeIgniter->handleRequest(NULL, Object(Config\Cache), false)
#8 /Applications/XAMPP/xamppfiles/htdocs/perpustakaan-digital/public/index.php(37): CodeIgniter\CodeIgniter->run()
#9 /Applications/XAMPP/xamppfiles/htdocs/perpustakaan-digital/system/Commands/Server/rewrite.php(43): require_once('/Applications/X...')
#10 {main}
CRITICAL - 2024-01-29 14:21:40 --> Invalid file: hopeui/buku/view_peminjam.php
#0 /Applications/XAMPP/xamppfiles/htdocs/perpustakaan-digital/system/View/View.php(198): CodeIgniter\Exceptions\FrameworkException::forInvalidFile('hopeui/buku/vie...')
#1 /Applications/XAMPP/xamppfiles/htdocs/perpustakaan-digital/system/Common.php(1089): CodeIgniter\View\View->render('hopeui/buku/vie...', Array, true)
#2 /Applications/XAMPP/xamppfiles/htdocs/perpustakaan-digital/app/Controllers/Buku.php(388): view('hopeui/buku/vie...', Array)
#3 /Applications/XAMPP/xamppfiles/htdocs/perpustakaan-digital/system/CodeIgniter.php(832): App\Controllers\Buku->peminjam()
#4 /Applications/XAMPP/xamppfiles/htdocs/perpustakaan-digital/system/CodeIgniter.php(419): CodeIgniter\CodeIgniter->runController(Object(App\Controllers\Buku))
#5 /Applications/XAMPP/xamppfiles/htdocs/perpustakaan-digital/system/CodeIgniter.php(326): CodeIgniter\CodeIgniter->handleRequest(NULL, Object(Config\Cache), false)
#6 /Applications/XAMPP/xamppfiles/htdocs/perpustakaan-digital/public/index.php(37): CodeIgniter\CodeIgniter->run()
#7 /Applications/XAMPP/xamppfiles/htdocs/perpustakaan-digital/system/Commands/Server/rewrite.php(43): require_once('/Applications/X...')
#8 {main}
CRITICAL - 2024-01-29 14:46:28 --> Invalid argument supplied for foreach()
#0 /Applications/XAMPP/xamppfiles/htdocs/perpustakaan-digital/app/Controllers/Buku.php(382): CodeIgniter\Debug\Exceptions->errorHandler(2, 'Invalid argumen...', '/Applications/X...', 382, Array)
#1 /Applications/XAMPP/xamppfiles/htdocs/perpustakaan-digital/system/CodeIgniter.php(832): App\Controllers\Buku->peminjam()
#2 /Applications/XAMPP/xamppfiles/htdocs/perpustakaan-digital/system/CodeIgniter.php(419): CodeIgniter\CodeIgniter->runController(Object(App\Controllers\Buku))
#3 /Applications/XAMPP/xamppfiles/htdocs/perpustakaan-digital/system/CodeIgniter.php(326): CodeIgniter\CodeIgniter->handleRequest(NULL, Object(Config\Cache), false)
#4 /Applications/XAMPP/xamppfiles/htdocs/perpustakaan-digital/public/index.php(37): CodeIgniter\CodeIgniter->run()
#5 /Applications/XAMPP/xamppfiles/htdocs/perpustakaan-digital/system/Commands/Server/rewrite.php(43): require_once('/Applications/X...')
#6 {main}
CRITICAL - 2024-01-29 14:55:44 --> Too few arguments to function App\Models\M_buku::tampil(), 0 passed in /Applications/XAMPP/xamppfiles/htdocs/perpustakaan-digital/app/Controllers/Buku.php on line 381 and exactly 1 expected
#0 /Applications/XAMPP/xamppfiles/htdocs/perpustakaan-digital/app/Controllers/Buku.php(381): App\Models\M_buku->tampil()
#1 /Applications/XAMPP/xamppfiles/htdocs/perpustakaan-digital/system/CodeIgniter.php(832): App\Controllers\Buku->peminjam()
#2 /Applications/XAMPP/xamppfiles/htdocs/perpustakaan-digital/system/CodeIgniter.php(419): CodeIgniter\CodeIgniter->runController(Object(App\Controllers\Buku))
#3 /Applications/XAMPP/xamppfiles/htdocs/perpustakaan-digital/system/CodeIgniter.php(326): CodeIgniter\CodeIgniter->handleRequest(NULL, Object(Config\Cache), false)
#4 /Applications/XAMPP/xamppfiles/htdocs/perpustakaan-digital/public/index.php(37): CodeIgniter\CodeIgniter->run()
#5 /Applications/XAMPP/xamppfiles/htdocs/perpustakaan-digital/system/Commands/Server/rewrite.php(43): require_once('/Applications/X...')
#6 {main}
ERROR - 2024-01-29 18:14:47 --> Unknown column 'buku' in 'where clause'
ERROR - 2024-01-29 18:14:47 --> Unknown column 'buku' in 'where clause'
ERROR - 2024-01-29 18:14:50 --> Unknown column 'koleksi_buku.buku' in 'on clause'
CRITICAL - 2024-01-29 18:14:50 --> Call to a member function getResult() on bool
#0 C:\xampp\htdocs\perpustakaan-digital\app\Controllers\Koleksi_buku.php(16): App\Models\M_koleksi_buku->tampilKoleksiBukuByIdUser('3')
#1 C:\xampp\htdocs\perpustakaan-digital\system\CodeIgniter.php(832): App\Controllers\Koleksi_buku->index()
#2 C:\xampp\htdocs\perpustakaan-digital\system\CodeIgniter.php(419): CodeIgniter\CodeIgniter->runController(Object(App\Controllers\Koleksi_buku))
#3 C:\xampp\htdocs\perpustakaan-digital\system\CodeIgniter.php(326): CodeIgniter\CodeIgniter->handleRequest(NULL, Object(Config\Cache), false)
#4 C:\xampp\htdocs\perpustakaan-digital\public\index.php(37): CodeIgniter\CodeIgniter->run()
#5 C:\xampp\htdocs\perpustakaan-digital\system\Commands\Server\rewrite.php(43): require_once('C:\\xampp\\htdocs...')
#6 {main}
CRITICAL - 2024-01-29 21:08:19 --> syntax error, unexpected 'endforeach' (T_ENDFOREACH), expecting end of file
#0 C:\xampp\htdocs\perpustakaan-digital\system\View\View.php(213): CodeIgniter\View\View->CodeIgniter\View\{closure}()
#1 C:\xampp\htdocs\perpustakaan-digital\system\Common.php(1089): CodeIgniter\View\View->render('hopeui/ulasan_b...', Array, true)
#2 C:\xampp\htdocs\perpustakaan-digital\app\Controllers\Ulasan_buku.php(23): view('hopeui/ulasan_b...', Array)
#3 C:\xampp\htdocs\perpustakaan-digital\system\CodeIgniter.php(832): App\Controllers\Ulasan_buku->index('1')
#4 C:\xampp\htdocs\perpustakaan-digital\system\CodeIgniter.php(419): CodeIgniter\CodeIgniter->runController(Object(App\Controllers\Ulasan_buku))
#5 C:\xampp\htdocs\perpustakaan-digital\system\CodeIgniter.php(326): CodeIgniter\CodeIgniter->handleRequest(NULL, Object(Config\Cache), false)
#6 C:\xampp\htdocs\perpustakaan-digital\public\index.php(37): CodeIgniter\CodeIgniter->run()
#7 C:\xampp\htdocs\perpustakaan-digital\system\Commands\Server\rewrite.php(43): require_once('C:\\xampp\\htdocs...')
#8 {main}
CRITICAL - 2024-01-29 21:08:38 --> Invalid argument supplied for foreach()
#0 C:\xampp\htdocs\perpustakaan-digital\app\Views\hopeui\ulasan_buku\view.php(13): CodeIgniter\Debug\Exceptions->errorHandler(2, 'Invalid argumen...', 'C:\\xampp\\htdocs...', 13, Array)
#1 C:\xampp\htdocs\perpustakaan-digital\system\View\View.php(210): include('C:\\xampp\\htdocs...')
#2 C:\xampp\htdocs\perpustakaan-digital\system\View\View.php(213): CodeIgniter\View\View->CodeIgniter\View\{closure}()
#3 C:\xampp\htdocs\perpustakaan-digital\system\Common.php(1089): CodeIgniter\View\View->render('hopeui/ulasan_b...', Array, true)
#4 C:\xampp\htdocs\perpustakaan-digital\app\Controllers\Ulasan_buku.php(23): view('hopeui/ulasan_b...', Array)
#5 C:\xampp\htdocs\perpustakaan-digital\system\CodeIgniter.php(832): App\Controllers\Ulasan_buku->index('1')
#6 C:\xampp\htdocs\perpustakaan-digital\system\CodeIgniter.php(419): CodeIgniter\CodeIgniter->runController(Object(App\Controllers\Ulasan_buku))
#7 C:\xampp\htdocs\perpustakaan-digital\system\CodeIgniter.php(326): CodeIgniter\CodeIgniter->handleRequest(NULL, Object(Config\Cache), false)
#8 C:\xampp\htdocs\perpustakaan-digital\public\index.php(37): CodeIgniter\CodeIgniter->run()
#9 C:\xampp\htdocs\perpustakaan-digital\system\Commands\Server\rewrite.php(43): require_once('C:\\xampp\\htdocs...')
#10 {main}
ERROR - 2024-01-29 21:10:05 --> Unknown column 'user' in 'from clause'
CRITICAL - 2024-01-29 21:10:05 --> Call to a member function getResult() on bool
#0 C:\xampp\htdocs\perpustakaan-digital\app\Controllers\Ulasan_buku.php(16): App\Models\M_buku->join2('ulasan_buku', 'buku', 'user', NULL)
#1 C:\xampp\htdocs\perpustakaan-digital\system\CodeIgniter.php(832): App\Controllers\Ulasan_buku->index('1')
#2 C:\xampp\htdocs\perpustakaan-digital\system\CodeIgniter.php(419): CodeIgniter\CodeIgniter->runController(Object(App\Controllers\Ulasan_buku))
#3 C:\xampp\htdocs\perpustakaan-digital\system\CodeIgniter.php(326): CodeIgniter\CodeIgniter->handleRequest(NULL, Object(Config\Cache), false)
#4 C:\xampp\htdocs\perpustakaan-digital\public\index.php(37): CodeIgniter\CodeIgniter->run()
#5 C:\xampp\htdocs\perpustakaan-digital\system\Commands\Server\rewrite.php(43): require_once('C:\\xampp\\htdocs...')
#6 {main}
CRITICAL - 2024-01-29 21:11:33 --> Too few arguments to function App\Models\M_ulasan_buku::join3(), 4 passed in C:\xampp\htdocs\perpustakaan-digital\app\Controllers\Ulasan_buku.php on line 16 and exactly 5 expected
#0 C:\xampp\htdocs\perpustakaan-digital\app\Controllers\Ulasan_buku.php(16): App\Models\M_ulasan_buku->join3('ulasan_buku', 'buku', 'user', NULL)
#1 C:\xampp\htdocs\perpustakaan-digital\system\CodeIgniter.php(832): App\Controllers\Ulasan_buku->index('1')
#2 C:\xampp\htdocs\perpustakaan-digital\system\CodeIgniter.php(419): CodeIgniter\CodeIgniter->runController(Object(App\Controllers\Ulasan_buku))
#3 C:\xampp\htdocs\perpustakaan-digital\system\CodeIgniter.php(326): CodeIgniter\CodeIgniter->handleRequest(NULL, Object(Config\Cache), false)
#4 C:\xampp\htdocs\perpustakaan-digital\public\index.php(37): CodeIgniter\CodeIgniter->run()
#5 C:\xampp\htdocs\perpustakaan-digital\system\Commands\Server\rewrite.php(43): require_once('C:\\xampp\\htdocs...')
#6 {main}
ERROR - 2024-01-29 21:11:46 --> Not unique table/alias: 'buku'
CRITICAL - 2024-01-29 21:11:46 --> Call to a member function getResult() on bool
#0 C:\xampp\htdocs\perpustakaan-digital\app\Controllers\Ulasan_buku.php(16): App\Models\M_ulasan_buku->join3('ulasan_buku', 'buku', 'user', 'ulasan_buku.buk...', 'ulasan_buku.use...')
#1 C:\xampp\htdocs\perpustakaan-digital\system\CodeIgniter.php(832): App\Controllers\Ulasan_buku->index('1')
#2 C:\xampp\htdocs\perpustakaan-digital\system\CodeIgniter.php(419): CodeIgniter\CodeIgniter->runController(Object(App\Controllers\Ulasan_buku))
#3 C:\xampp\htdocs\perpustakaan-digital\system\CodeIgniter.php(326): CodeIgniter\CodeIgniter->handleRequest(NULL, Object(Config\Cache), false)
#4 C:\xampp\htdocs\perpustakaan-digital\public\index.php(37): CodeIgniter\CodeIgniter->run()
#5 C:\xampp\htdocs\perpustakaan-digital\system\Commands\Server\rewrite.php(43): require_once('C:\\xampp\\htdocs...')
#6 {main}
CRITICAL - 2024-01-29 21:12:07 --> Invalid argument supplied for foreach()
#0 C:\xampp\htdocs\perpustakaan-digital\app\Views\hopeui\ulasan_buku\view.php(13): CodeIgniter\Debug\Exceptions->errorHandler(2, 'Invalid argumen...', 'C:\\xampp\\htdocs...', 13, Array)
#1 C:\xampp\htdocs\perpustakaan-digital\system\View\View.php(210): include('C:\\xampp\\htdocs...')
#2 C:\xampp\htdocs\perpustakaan-digital\system\View\View.php(213): CodeIgniter\View\View->CodeIgniter\View\{closure}()
#3 C:\xampp\htdocs\perpustakaan-digital\system\Common.php(1089): CodeIgniter\View\View->render('hopeui/ulasan_b...', Array, true)
#4 C:\xampp\htdocs\perpustakaan-digital\app\Controllers\Ulasan_buku.php(24): view('hopeui/ulasan_b...', Array)
#5 C:\xampp\htdocs\perpustakaan-digital\system\CodeIgniter.php(832): App\Controllers\Ulasan_buku->index('1')
#6 C:\xampp\htdocs\perpustakaan-digital\system\CodeIgniter.php(419): CodeIgniter\CodeIgniter->runController(Object(App\Controllers\Ulasan_buku))
#7 C:\xampp\htdocs\perpustakaan-digital\system\CodeIgniter.php(326): CodeIgniter\CodeIgniter->handleRequest(NULL, Object(Config\Cache), false)
#8 C:\xampp\htdocs\perpustakaan-digital\public\index.php(37): CodeIgniter\CodeIgniter->run()
#9 C:\xampp\htdocs\perpustakaan-digital\system\Commands\Server\rewrite.php(43): require_once('C:\\xampp\\htdocs...')
#10 {main}
CRITICAL - 2024-01-29 21:12:35 --> Invalid argument supplied for foreach()
#0 C:\xampp\htdocs\perpustakaan-digital\app\Views\hopeui\ulasan_buku\view.php(12): CodeIgniter\Debug\Exceptions->errorHandler(2, 'Invalid argumen...', 'C:\\xampp\\htdocs...', 12, Array)
#1 C:\xampp\htdocs\perpustakaan-digital\system\View\View.php(210): include('C:\\xampp\\htdocs...')
#2 C:\xampp\htdocs\perpustakaan-digital\system\View\View.php(213): CodeIgniter\View\View->CodeIgniter\View\{closure}()
#3 C:\xampp\htdocs\perpustakaan-digital\system\Common.php(1089): CodeIgniter\View\View->render('hopeui/ulasan_b...', Array, true)
#4 C:\xampp\htdocs\perpustakaan-digital\app\Controllers\Ulasan_buku.php(24): view('hopeui/ulasan_b...', Array)
#5 C:\xampp\htdocs\perpustakaan-digital\system\CodeIgniter.php(832): App\Controllers\Ulasan_buku->index('1')
#6 C:\xampp\htdocs\perpustakaan-digital\system\CodeIgniter.php(419): CodeIgniter\CodeIgniter->runController(Object(App\Controllers\Ulasan_buku))
#7 C:\xampp\htdocs\perpustakaan-digital\system\CodeIgniter.php(326): CodeIgniter\CodeIgniter->handleRequest(NULL, Object(Config\Cache), false)
#8 C:\xampp\htdocs\perpustakaan-digital\public\index.php(37): CodeIgniter\CodeIgniter->run()
#9 C:\xampp\htdocs\perpustakaan-digital\system\Commands\Server\rewrite.php(43): require_once('C:\\xampp\\htdocs...')
#10 {main}
ERROR - 2024-01-29 22:14:53 --> Unknown column 'kategori_buku.kategori_buku' in 'where clause'
CRITICAL - 2024-01-29 22:14:53 --> Call to a member function getResult() on bool
#0 C:\xampp\htdocs\perpustakaan-digital\app\Controllers\Buku.php(15): App\Models\M_buku->join2('buku', 'kategori_buku', 'buku.kategori_b...')
#1 C:\xampp\htdocs\perpustakaan-digital\system\CodeIgniter.php(832): App\Controllers\Buku->index()
#2 C:\xampp\htdocs\perpustakaan-digital\system\CodeIgniter.php(419): CodeIgniter\CodeIgniter->runController(Object(App\Controllers\Buku))
#3 C:\xampp\htdocs\perpustakaan-digital\system\CodeIgniter.php(326): CodeIgniter\CodeIgniter->handleRequest(NULL, Object(Config\Cache), false)
#4 C:\xampp\htdocs\perpustakaan-digital\public\index.php(37): CodeIgniter\CodeIgniter->run()
#5 C:\xampp\htdocs\perpustakaan-digital\system\Commands\Server\rewrite.php(43): require_once('C:\\xampp\\htdocs...')
#6 {main}
ERROR - 2024-01-29 22:43:01 --> Column 'kategori_buku' cannot be null
CRITICAL - 2024-01-29 22:53:17 --> syntax error, unexpected ''file_buku'' (T_CONSTANT_ENCAPSED_STRING), expecting ')'
#0 C:\xampp\htdocs\perpustakaan-digital\system\Router\Router.php(175): CodeIgniter\Router\Router->autoRoute('buku_digital/cr...')
#1 C:\xampp\htdocs\perpustakaan-digital\system\CodeIgniter.php(726): CodeIgniter\Router\Router->handle('buku_digital/cr...')
#2 C:\xampp\htdocs\perpustakaan-digital\system\CodeIgniter.php(368): CodeIgniter\CodeIgniter->tryToRouteIt(Object(CodeIgniter\Router\RouteCollection))
#3 C:\xampp\htdocs\perpustakaan-digital\system\CodeIgniter.php(326): CodeIgniter\CodeIgniter->handleRequest(NULL, Object(Config\Cache), false)
#4 C:\xampp\htdocs\perpustakaan-digital\public\index.php(37): CodeIgniter\CodeIgniter->run()
#5 C:\xampp\htdocs\perpustakaan-digital\system\Commands\Server\rewrite.php(43): require_once('C:\\xampp\\htdocs...')
#6 {main}
