CRITICAL - 2024-01-30 00:40:49 --> Invalid argument supplied for foreach()
#0 C:\xampp\htdocs\perpustakaan-digital\app\Views\hopeui\dashboard\view.php(10): CodeIgniter\Debug\Exceptions->errorHandler(2, 'Invalid argumen...', 'C:\\xampp\\htdocs...', 10, Array)
#1 C:\xampp\htdocs\perpustakaan-digital\system\View\View.php(210): include('C:\\xampp\\htdocs...')
#2 C:\xampp\htdocs\perpustakaan-digital\system\View\View.php(213): CodeIgniter\View\View->CodeIgniter\View\{closure}()
#3 C:\xampp\htdocs\perpustakaan-digital\system\Common.php(1089): CodeIgniter\View\View->render('hopeui/dashboar...', Array, true)
#4 C:\xampp\htdocs\perpustakaan-digital\app\Controllers\Dashboard.php(17): view('hopeui/dashboar...', Array)
#5 C:\xampp\htdocs\perpustakaan-digital\system\CodeIgniter.php(832): App\Controllers\Dashboard->index()
#6 C:\xampp\htdocs\perpustakaan-digital\system\CodeIgniter.php(419): CodeIgniter\CodeIgniter->runController(Object(App\Controllers\Dashboard))
#7 C:\xampp\htdocs\perpustakaan-digital\system\CodeIgniter.php(326): CodeIgniter\CodeIgniter->handleRequest(NULL, Object(Config\Cache), false)
#8 C:\xampp\htdocs\perpustakaan-digital\public\index.php(37): CodeIgniter\CodeIgniter->run()
#9 C:\xampp\htdocs\perpustakaan-digital\system\Commands\Server\rewrite.php(43): require_once('C:\\xampp\\htdocs...')
#10 {main}
CRITICAL - 2024-01-30 00:56:42 --> Call to undefined method PhpOffice\PhpSpreadsheet\Style\Color::setHEX()
#0 C:\xampp\htdocs\perpustakaan-digital\system\CodeIgniter.php(832): App\Controllers\Peminjaman->export_excel()
#1 C:\xampp\htdocs\perpustakaan-digital\system\CodeIgniter.php(419): CodeIgniter\CodeIgniter->runController(Object(App\Controllers\Peminjaman))
#2 C:\xampp\htdocs\perpustakaan-digital\system\CodeIgniter.php(326): CodeIgniter\CodeIgniter->handleRequest(NULL, Object(Config\Cache), false)
#3 C:\xampp\htdocs\perpustakaan-digital\public\index.php(37): CodeIgniter\CodeIgniter->run()
#4 C:\xampp\htdocs\perpustakaan-digital\system\Commands\Server\rewrite.php(43): require_once('C:\\xampp\\htdocs...')
#5 {main}
CRITICAL - 2024-01-30 09:30:05 --> syntax error, unexpected '}'
#0 /Applications/XAMPP/xamppfiles/htdocs/perpustakaan-digital/system/View/View.php(213): CodeIgniter\View\View->CodeIgniter\View\{closure}()
#1 /Applications/XAMPP/xamppfiles/htdocs/perpustakaan-digital/system/Common.php(1089): CodeIgniter\View\View->render('hopeui/koleksi_...', Array, true)
#2 /Applications/XAMPP/xamppfiles/htdocs/perpustakaan-digital/app/Controllers/Koleksi_buku.php(31): view('hopeui/koleksi_...', Array)
#3 /Applications/XAMPP/xamppfiles/htdocs/perpustakaan-digital/system/CodeIgniter.php(832): App\Controllers\Koleksi_buku->index()
#4 /Applications/XAMPP/xamppfiles/htdocs/perpustakaan-digital/system/CodeIgniter.php(419): CodeIgniter\CodeIgniter->runController(Object(App\Controllers\Koleksi_buku))
#5 /Applications/XAMPP/xamppfiles/htdocs/perpustakaan-digital/system/CodeIgniter.php(326): CodeIgniter\CodeIgniter->handleRequest(NULL, Object(Config\Cache), false)
#6 /Applications/XAMPP/xamppfiles/htdocs/perpustakaan-digital/public/index.php(37): CodeIgniter\CodeIgniter->run()
#7 /Applications/XAMPP/xamppfiles/htdocs/perpustakaan-digital/system/Commands/Server/rewrite.php(43): require_once('/Applications/X...')
#8 {main}
CRITICAL - 2024-01-30 09:30:18 --> syntax error, unexpected ':', expecting ';'
#0 /Applications/XAMPP/xamppfiles/htdocs/perpustakaan-digital/system/View/View.php(213): CodeIgniter\View\View->CodeIgniter\View\{closure}()
#1 /Applications/XAMPP/xamppfiles/htdocs/perpustakaan-digital/system/Common.php(1089): CodeIgniter\View\View->render('hopeui/koleksi_...', Array, true)
#2 /Applications/XAMPP/xamppfiles/htdocs/perpustakaan-digital/app/Controllers/Koleksi_buku.php(31): view('hopeui/koleksi_...', Array)
#3 /Applications/XAMPP/xamppfiles/htdocs/perpustakaan-digital/system/CodeIgniter.php(832): App\Controllers\Koleksi_buku->index()
#4 /Applications/XAMPP/xamppfiles/htdocs/perpustakaan-digital/system/CodeIgniter.php(419): CodeIgniter\CodeIgniter->runController(Object(App\Controllers\Koleksi_buku))
#5 /Applications/XAMPP/xamppfiles/htdocs/perpustakaan-digital/system/CodeIgniter.php(326): CodeIgniter\CodeIgniter->handleRequest(NULL, Object(Config\Cache), false)
#6 /Applications/XAMPP/xamppfiles/htdocs/perpustakaan-digital/public/index.php(37): CodeIgniter\CodeIgniter->run()
#7 /Applications/XAMPP/xamppfiles/htdocs/perpustakaan-digital/system/Commands/Server/rewrite.php(43): require_once('/Applications/X...')
#8 {main}
CRITICAL - 2024-01-30 09:31:08 --> syntax error, unexpected ';', expecting '('
#0 /Applications/XAMPP/xamppfiles/htdocs/perpustakaan-digital/system/View/View.php(213): CodeIgniter\View\View->CodeIgniter\View\{closure}()
#1 /Applications/XAMPP/xamppfiles/htdocs/perpustakaan-digital/system/Common.php(1089): CodeIgniter\View\View->render('hopeui/koleksi_...', Array, true)
#2 /Applications/XAMPP/xamppfiles/htdocs/perpustakaan-digital/app/Controllers/Koleksi_buku.php(31): view('hopeui/koleksi_...', Array)
#3 /Applications/XAMPP/xamppfiles/htdocs/perpustakaan-digital/system/CodeIgniter.php(832): App\Controllers\Koleksi_buku->index()
#4 /Applications/XAMPP/xamppfiles/htdocs/perpustakaan-digital/system/CodeIgniter.php(419): CodeIgniter\CodeIgniter->runController(Object(App\Controllers\Koleksi_buku))
#5 /Applications/XAMPP/xamppfiles/htdocs/perpustakaan-digital/system/CodeIgniter.php(326): CodeIgniter\CodeIgniter->handleRequest(NULL, Object(Config\Cache), false)
#6 /Applications/XAMPP/xamppfiles/htdocs/perpustakaan-digital/public/index.php(37): CodeIgniter\CodeIgniter->run()
#7 /Applications/XAMPP/xamppfiles/htdocs/perpustakaan-digital/system/Commands/Server/rewrite.php(43): require_once('/Applications/X...')
#8 {main}
